ik/index.html
ik/articles/1/2/5/User_talk~125.229.19.230.html
ik/articles/1/2/5/User_talk~125.229.11.125.html
ik/articles/1/7/2/User_talk~172.202.195.30.html
ik/articles/2/2/2/User_talk~222.154.2.115.html
ik/articles/2/4/2E/User_talk~24.4.106.220.html
ik/articles/6/1/2E/User_talk~61.219.23.178.html
ik/articles/6/6/2E/User_talk~66.240.221.36.html
ik/articles/6/9/2E/User_talk~69.21.161.230.html
ik/articles/7/0/2E/User_talk~70.247.210.177.html
ik/articles/8/3/2E/User_talk~83.171.153.215.html
ik/articles/8/5/2E/User_talk~85.108.98.167.html
ik/articles/8/5/2E/User_talk~85.12.65.1.html
ik/articles/8/7/2E/User_talk~87.6.88.94.html
ik/articles/8/7/2E/User_talk~87.118.106.231.html
ik/articles/a/a/b/Aabluq.html
ik/articles/a/a/ġ/Aaġluq.html
ik/articles/a/b/e/User~Aberwak_622d.html
ik/articles/a/b/e/User_talk~Aberwak_36c6.html
ik/articles/a/b/v/Talk~Abvibluaq_474b.html
ik/articles/a/b/v/Abvibluaq.html
ik/articles/a/d/m/Wikipedia~Administrators_37b9.html
ik/articles/a/e/æ/User_talk~Aeæ_6f9b.html
ik/articles/a/e/æ/User~Aeæ_d56b.html
ik/articles/a/f/u/Category~Afusralluq_d678.html
ik/articles/a/f/u/Category_talk~Afusralluq_a8c4.html
ik/articles/a/g/l/Aglak.html
ik/articles/a/g/l/Aglaksruutit.html
ik/articles/a/i/o/Aioua.html
ik/articles/a/i/o/Aiowa.html
ik/articles/a/k/u/Akutuq.html
ik/articles/a/k/u/Talk~Akutuq_1833.html
ik/articles/a/l/a/Talk~Alaska_a007.html
ik/articles/a/l/a/Alabama.html
ik/articles/a/l/a/Alaska.html
ik/articles/a/l/a/Alaxsxaq.html
ik/articles/a/l/e/User_talk~Alexbot_4661.html
ik/articles/a/l/e/User~Alexbot_179c.html
ik/articles/a/l/e/User_talk~Alexsh_3190.html
ik/articles/a/l/e/User~Alexsh_a3c8.html
ik/articles/a/l/l/Template~All_messages_95dc.html
ik/articles/a/l/l/Template~All_system_messages_9a5c.html
ik/articles/a/l/l/Wikipedia~All_system_messages_8fe6.html
ik/articles/a/l/l/MediaWiki~All_system_messages_c374.html
ik/articles/a/l/l/MediaWiki~All_messages_e1f2.html
ik/articles/a/l/l/User~AlleborgoBot_dba7.html
ik/articles/a/l/l/User_talk~AlleborgoBot_e458.html
ik/articles/a/l/v/User~Alvaro_7f09.html
ik/articles/a/n/d/User~Andre_Engels_23d0.html
ik/articles/a/r/i/Arizona.html
ik/articles/a/r/k/Arkansas.html
ik/articles/a/t/c/Atchagat.html
ik/articles/a/v/i/Avieeaq.html
ik/articles/a/z/1/User~Az1568_b77f.html
ik/articles/a/z/1/User~Az1568_monobook.js_980c.html
ik/articles/b/a/b/Template~Babel_0fac.html
ik/articles/b/e/l/Image~Belugawhale_MMC.jpg_5d48.html
ik/articles/b/l/a/Image~Black_bear_large.jpg_5381.html
ik/articles/b/l/o/Category~Block_indefinitely_781f.html
ik/articles/b/o/t/User_talk~BotMultichill_87b4.html
ik/articles/b/o/t/Template~Bot_3525.html
ik/articles/b/o/t/User~BotMultichill_c5ae.html
ik/articles/b/r/a/Image~Brasão_de_Armas_do_Município_de_Curitiba.png_1d99.html
ik/articles/b/r/o/Wikipedia~Broken__16a2.html
ik/articles/b/r/o/Wikipedia~Browse_267f.html
ik/articles/b/r/u/User~Brunoy_Anastasiya_Seryozhenko_4faa.html
ik/articles/b/t/w/User~Btw_bb29.html
ik/articles/b/y/r/User~Byrial_04b4.html
ik/articles/b/y/r/User~Byrialbot_1e81.html
ik/articles/c/a/i/User~Caiaffa_b598.html
ik/articles/c/a/l/California.html
ik/articles/c/a/n/Image~Canada-census_layout.png_ee6f.html
ik/articles/c/a/n/Category~Candidates_for_speedy_deletion_4c9c.html
ik/articles/c/a/n/Canada.html
ik/articles/c/a/r/User~Carkuni_5cb0.html
ik/articles/c/a/t/Special~Categories_101d.html
ik/articles/c/b/r/User~Cbrown1023_a728.html
ik/articles/c/e/t/Image~Cetacea_range_map_Beluga.png_ae74.html
ik/articles/c/e/t/Image~Cetacea_range_map_Orca.PNG_7767.html
ik/articles/c/h/e/Image~Chemicals_in_flasks.jpg_701c.html
ik/articles/c/h/e/Image~Chen_caerulenscens_jcwf1.jpg_f502.html
ik/articles/c/h/u/Chuck_norris.html
ik/articles/c/o/l/Colorado.html
ik/articles/c/o/m/Image~Commons-logo-en.svg_85c9.html
ik/articles/c/o/m/Wikipedia~Community_Portal_6a3c.html
ik/articles/c/o/m/Image~Commons-logo.png_8397.html
ik/articles/c/o/m/Wikipedia_talk~Community_Portal_9a94.html
ik/articles/c/o/m/Image~Commons-logo.svg_62a0.html
ik/articles/c/o/m/Template~Commons_44b0.html
ik/articles/c/o/m/User~CommonsDelinker_38fe.html
ik/articles/c/o/n/Connecticut.html
ik/articles/c/r/y/Image~Crystal_Clear_action_forward.png_9a95.html
ik/articles/c/r/y/Image~Crystal_128_forward.png_b1e4.html
ik/articles/c/r/y/Image~Crystal_Clear_action_run.png_525b.html
ik/articles/c/r/è/Crèche.html
ik/articles/c/u/r/Image~Curitiba_Botanic_Garden.jpg_f653.html
ik/articles/c/u/r/Curitiba.html
ik/articles/d/_/_/Talk~D_8e5a.html
ik/articles/d/_/_/D.html
ik/articles/d/a/r/User~Darev_75ce.html
ik/articles/d/a/r/User~Darkoneko_180b.html
ik/articles/d/a/r/User_talk~Darkoneko_6afd.html
ik/articles/d/a/v/User~Davidcannon_cb6f.html
ik/articles/d/c/l/User~Dcljr_a662.html
ik/articles/d/c/l/User_talk~Dcljr_034e.html
ik/articles/d/e/l/Image~Delaware_state_flag.png_f9ae.html
ik/articles/d/e/l/Template~Delete_bfa0.html
ik/articles/d/e/l/Talk~Delauaare_c96b.html
ik/articles/d/e/l/Delauaare.html
ik/articles/d/e/l/Delaware.html
ik/articles/d/e/r/User~DerHexer_b023.html
ik/articles/d/e/r/Image~DerHexer.png_fe3d.html
ik/articles/d/r/i/User~Drini_e6be.html
ik/articles/d/u/n/User~Dungodung_84cc.html
ik/articles/e/d/u/User~EDUCA33E_2e3c.html
ik/articles/e/m/b/Embassy.html
ik/articles/e/m/b/Talk~Embassy_216b.html
ik/articles/e/n/g/User_talk~EnglishItalianoNihongoRusski_b40f.html
ik/articles/e/n/g/User~EnglishItalianoNihongoRusski_89d5.html
ik/articles/e/s/c/User_talk~Escarbot_d4e1.html
ik/articles/e/s/c/User~Escarbot_9d83.html
ik/articles/e/u/r/Image~Euro.jpg_b0b0.html
ik/articles/e/v/_/User~Ev_951f.html
ik/articles/e/y/a/Eyak.html
ik/articles/e/y/a/Eyak_uqautchit.html
ik/articles/f/e/a/Wikipedia~Featured_content_24ba.html
ik/articles/f/l/a/Image~Flag_of_Slovakia.svg_bed7.html
ik/articles/f/l/a/Image~Flag_of_Mexico.svg_b176.html
ik/articles/f/l/a/Image~Flag_of_Iowa.svg_9fc8.html
ik/articles/f/l/a/Image~Flag_of_Alaska.svg_3df9.html
ik/articles/f/l/a/Image~Flag_of_New_Mexico.svg_6b3a.html
ik/articles/f/l/a/Image~Flag_of_Alabama.svg_a71e.html
ik/articles/f/l/a/Image~Flag_of_California.svg_32ac.html
ik/articles/f/l/o/Florida.html
ik/articles/f/n/a/User_talk~Fnak_6a59.html
ik/articles/f/n/a/User~Fnak_042e.html
ik/articles/f/r/o/User_talk~FrobisherBay_Dude_2e60.html
ik/articles/g/a/n/User~Gangleri_0cc9.html
ik/articles/g/a/n/User_talk~Gangleri_0007.html
ik/articles/g/a/u/User_talk~Gaudio_41a2.html
ik/articles/g/a/u/User~Gaudio_61cd.html
ik/articles/g/e/e/Image~Geese_4.jpg_9d2e.html
ik/articles/g/e/o/Georgia.html
ik/articles/g/e/r/User~GerardM_80cb.html
ik/articles/g/n/u/MediaWiki~Gnunote_6ac1.html
ik/articles/g/n/u/Template~Gnunote_a26b.html
ik/articles/g/r/a/Image~Graywhale_MMC.jpg_9b10.html
ik/articles/g/u/i/User~Guillom_fc02.html
ik/articles/g/u/é/User~Guérin_Nicolas_9c93.html
ik/articles/h/a/w/Hawaii.html
ik/articles/h/e/r/User_talk~Hersehigh_0c0f.html
ik/articles/h/e/r/User~Hersehigh_9dca.html
ik/articles/h/o/m/HomePage_c175.html
ik/articles/h/o/u/Image~House_mouse.jpg_7b40.html
ik/articles/h/é/g/User~Hégésippe_Cormier_b05d.html
ik/articles/h/é/g/User_talk~Hégésippe_Cormier_3b86.html
ik/articles/i/c/o/Image~Icono_aviso_borrar.png_7a53.html
ik/articles/i/d/a/Idaho.html
ik/articles/i/g/g/Iggabri.html
ik/articles/i/k/a/User_talk~Ikanto_1721.html
ik/articles/i/l/l/Illinois.html
ik/articles/i/n/c/User~Incelemeelemani_d93a.html
ik/articles/i/n/d/Indiana.html
ik/articles/i/n/t/User~Interwiki_de_e8ed.html
ik/articles/i/n/t/Image~Internet-group-chat.svg_2f69.html
ik/articles/i/n/t/Category~Interwiki_link_templates_a43c.html
ik/articles/i/o/w/Iowa.html
ik/articles/i/q/s/Iqsrabutilik.html
ik/articles/i/q/s/Talk~Iqsraġutilik_8da6.html
ik/articles/i/q/s/Talk~Iqsrabutilik_6490.html
ik/articles/i/q/s/Iqsraġutilik.html
ik/articles/i/t/n/Itnasriq.html
ik/articles/i/ñ/u/Category~Iñupiak_1a65.html
ik/articles/i/ñ/u/Iñupiak_uqautchit.html
ik/articles/j/a/n/User~Janwo_6497.html
ik/articles/j/a/n/User~JAnDbot_5c44.html
ik/articles/j/a/y/User~Jayvdb_61b3.html
ik/articles/j/d/_/User_talk~Jd_ac18.html
ik/articles/j/o/h/User~Johannes_Rohr_7668.html
ik/articles/j/o/n/User~Jon_Harald_Søby_4866.html
ik/articles/j/o/r/User_talk~Jorunn_cb03.html
ik/articles/j/o/r/User~Jorunn_38c6.html
ik/articles/j/o/s/User~Jose77_fb0a.html
ik/articles/j/u/n/User~Junafani_38e2.html
ik/articles/j/u/r/User_talk~Jurpel_5e6f.html
ik/articles/j/v/a/User~Jvano_1705.html
ik/articles/k/a/f/Kafuq.html
ik/articles/k/a/n/User~Kanesue_6049.html
ik/articles/k/a/n/Kansas.html
ik/articles/k/e/l/User~Kelovy_27ee.html
ik/articles/k/e/n/Kentucky.html
ik/articles/k/o/a/User~Koavf_1790.html
ik/articles/k/o/r/User~Korg_monobook.js_2b4e.html
ik/articles/k/o/r/User~Korg_ff2d.html
ik/articles/l/i/s/List_of_countries.html
ik/articles/l/i/s/Category~Lists_of_countries_e433.html
ik/articles/l/l/u/User_talk~Llull_8104.html
ik/articles/l/o/c/Image~LocationMexico.png_3e70.html
ik/articles/l/o/u/Louisiana.html
ik/articles/l/o/v/User_talk~Loveless_7170.html
ik/articles/l/o/v/User~Loveless_df0e.html
ik/articles/m/a/i/Template~Main_Page_banner_4477.html
ik/articles/m/a/i/Talk~Main_Page_649b.html
ik/articles/m/a/i/Template~MainPageInterwikis_8546.html
ik/articles/m/a/i/Main_Page_8ef9.html
ik/articles/m/a/i/Maine.html
ik/articles/m/a/k/Talk~Makpibaaq_Kanna__fb15.html
ik/articles/m/a/k/Talk~Makpibaaq_Kanna_3900.html
ik/articles/m/a/n/User_talk~Manu_8312.html
ik/articles/m/a/p/Image~Map_of_USA_highlighting_Delaware.png_0dae.html
ik/articles/m/a/r/Maryland.html
ik/articles/m/a/s/Massachusetts.html
ik/articles/m/a/s/User~MastiBot_15b6.html
ik/articles/m/e/l/User~MelancholieBot_25d3.html
ik/articles/m/e/n/User~Meno25_2b0b.html
ik/articles/m/e/n/User~MenoBot_6093.html
ik/articles/m/e/x/Image~Mexico_COA_large.svg_2921.html
ik/articles/m/e/x/Mexico.html
ik/articles/m/e/x/Mexiqo.html
ik/articles/m/i/c/Michigan.html
ik/articles/m/i/k/User_talk~Mike.lifeguard_1bf0.html
ik/articles/m/i/k/User~Mike.lifeguard_8da6.html
ik/articles/m/i/n/Minnesota.html
ik/articles/m/i/s/Missouri.html
ik/articles/m/i/s/Mississippi.html
ik/articles/m/i/t/User~Mithridates_47c8.html
ik/articles/m/o/n/Montana.html
ik/articles/m/u/l/User~Multichill_4773.html
ik/articles/m/u/l/User_talk~Multichill_967b.html
ik/articles/n/e/b/Nebraska.html
ik/articles/n/e/v/Nevada.html
ik/articles/n/e/w/Template~New_fc26.html
ik/articles/n/e/w/New_York_3da4.html
ik/articles/n/i/c/User~Nick1915_4259.html
ik/articles/n/i/c/User_talk~Nickshanks_0b0e.html
ik/articles/n/i/p/Nipitchaq.html
ik/articles/n/o/r/North_Dakota_3971.html
ik/articles/n/o/r/North_Carolina_5c52.html
ik/articles/n/o/s/Wikipedia~Nospam_5d5e.html
ik/articles/n/u/n/Category~Nunaurat_bf20.html
ik/articles/n/u/u/User_talk~Nuuk_7b7b.html
ik/articles/o/h/i/Ohio.html
ik/articles/o/k/l/Oklahoma.html
ik/articles/o/r/c/Image~Orca_2.jpg_9168.html
ik/articles/o/r/e/Oregon.html
ik/articles/p/a/t/User~Pathoschild_c32f.html
ik/articles/p/a/t/User_talk~Pathoschild_b472.html
ik/articles/p/e/n/Pennsylvania.html
ik/articles/p/f/f/Image~Pffffft.gif_a80c.html
ik/articles/p/i/l/User~Pill_ab12.html
ik/articles/p/i/l/User~Pill_monobook.js_03c0.html
ik/articles/p/i/o/User~Piolinfax_2923.html
ik/articles/p/i/p/User~PipepBot_89d7.html
ik/articles/p/i/p/User_talk~PipepBot_1393.html
ik/articles/p/r/o/User~Proofreader_0bac.html
ik/articles/p/r/o/Wikipedia_talk~Protected_by_cascading_c620.html
ik/articles/p/r/o/Wikipedia~Protected_by_cascading_67e1.html
ik/articles/p/u/r/User_talk~Purodha_e31a.html
ik/articles/p/u/r/User~Purbo_T_a246.html
ik/articles/p/u/r/User_talk~Purbo_T_f716.html
ik/articles/p/u/r/User~Purodha_b4b6.html
ik/articles/q/a/r/Wikipedia~Qargi_007b.html
ik/articles/q/u/i/Wikipedia~Quick_index_29f1.html
ik/articles/r/c/b/User~RCBot_77d2.html
ik/articles/r/e/d/Image~Redirectltr.png_ff29.html
ik/articles/r/e/d/Image~Redirect_arrow_without_text.png_d829.html
ik/articles/r/e/p/Reported_user.html
ik/articles/r/e/y/User~ReyBrujo_Dumps_20070428_b055.html
ik/articles/r/e/y/User~ReyBrujo_Styles_Header_31e8.html
ik/articles/r/e/y/User~ReyBrujo_Styles_Footer_b3b4.html
ik/articles/r/e/y/User~ReyBrujo_Dumps_20070224_1e6d.html
ik/articles/r/e/y/User~ReyBrujo_Dumps_Archive_dc49.html
ik/articles/r/e/y/User~ReyBrujo_ebf1.html
ik/articles/r/e/y/User~ReyBrujo_Dumps_d5af.html
ik/articles/r/e/y/User~ReyBrujo_Dumps_20070209_a7fb.html
ik/articles/r/e/y/User~ReyBrujo_Dumps_20070405_9033.html
ik/articles/r/e/y/User_talk~ReyBrujo_c1af.html
ik/articles/r/e/y/User~ReyBrujo_Dumps_20070417_3c1e.html
ik/articles/r/h/o/Rhode_Island_988e.html
ik/articles/r/i/c/User~Richie_fbfc.html
ik/articles/r/o/b/Image~Robot_asimo.jpg_5dbd.html
ik/articles/r/o/b/User~Robbot_3bd9.html
ik/articles/r/o/d/Rode_Qikiqtaq_9e62.html
ik/articles/s/c/h/Image~Schlappi.jpg_e141.html
ik/articles/s/c/o/User~Scooter_ac1d.html
ik/articles/s/d/e/Template~Sdelete_f773.html
ik/articles/s/e/n/User_talk~Senet_f64f.html
ik/articles/s/i/d/MediaWiki_talk~Sidebar_6a19.html
ik/articles/s/i/e/User~SieBot_e8dc.html
ik/articles/s/i/e/User~Siebrand_fc51.html
ik/articles/s/i/e/User_talk~SieBot_c4fc.html
ik/articles/s/i/r/User~Sirius_Zwarts_Bot_9879.html
ik/articles/s/i/r/User~Sir_Lestaty_de_Lioncourt_1a53.html
ik/articles/s/i/s/Sisuaq.html
ik/articles/s/i/t/MediaWiki~Sitesupportpage_b691.html
ik/articles/s/i/t/Template~Sitesupportpage_f522.html
ik/articles/s/i/y/Siyyuum_kipifaruq.html
ik/articles/s/i/y/Siyyuun_kipifaruq.html
ik/articles/s/m/i/Image~Smiley.svg_d547.html
ik/articles/s/o/u/South_Dakota_9b0f.html
ik/articles/s/o/u/User_talk~Soulbot_7106.html
ik/articles/s/o/u/South_Carolina_aeeb.html
ik/articles/s/o/u/User~Soulbot_d5f8.html
ik/articles/s/p/b/User~SpBot_be8d.html
ik/articles/s/p/b/User_talk~SpBot_2253.html
ik/articles/s/p/e/Wikipedia~Speedy_deletions_bb1d.html
ik/articles/s/t/a/Wikipedia~Statistics_2040.html
ik/articles/s/t/i/User~StigBot_1810.html
ik/articles/s/u/i/User~Suisui_3e3f.html
ik/articles/s/u/i/User_talk~Suisui_b3c7.html
ik/articles/t/a/i/User~Taichi_0552.html
ik/articles/t/c/h/Tchiaq_York_iniqpak_4a20.html
ik/articles/t/c/h/Tchiaq_York_970e.html
ik/articles/t/c/h/Tchiaq_Mexico_2e57.html
ik/articles/t/c/h/Tchiaq_Mexiqo_be99.html
ik/articles/t/c/h/Tchiaq_York_Iniqpak_7038.html
ik/articles/t/c/h/Tchiaq_Hampshire_cba0.html
ik/articles/t/c/h/Tchiaq_Jersey_f3d4.html
ik/articles/t/e/m/Category~Templates_using_ParserFunctions_77d4.html
ik/articles/t/e/n/Tennessee.html
ik/articles/t/e/s/Template~Test-en_e0ee.html
ik/articles/t/e/x/Texas.html
ik/articles/t/h/i/Wikipedia~This_week's_featured_article_9a1c.html
ik/articles/t/h/o/User~Thogo_a434.html
ik/articles/t/i/o/User~Tiontai_1e7f.html
ik/articles/t/i/y/User~Tiyoringo_230b.html
ik/articles/t/o/m/User~Tomahiv_e8cc.html
ik/articles/t/o/u/Image~Tournesol.png_97e3.html
ik/articles/t/r/o/User~Trondtr_7ef0.html
ik/articles/t/x/i/User~TXiKi_f20c.html
ik/articles/t/x/i/User~Tximist_b9c6.html
ik/articles/t/x/i/User~TXiKiBoT_8a77.html
ik/articles/u/e/t/Uetersen.html
ik/articles/u/e/t/Image~Uetersen_Stadtwerkehaus.jpg_4d46.html
ik/articles/u/e/t/Image~Uetersen_Wappen.png_95c2.html
ik/articles/u/f/a/Ufaliagu.html
ik/articles/u/i/s/Uisqonsin.html
ik/articles/u/n/d/Image~Underwoodfive.jpg_07bc.html
ik/articles/u/n/i/Category~United_States_8f37.html
ik/articles/u/n/i/United_States_09d4.html
ik/articles/u/n/i/Talk~United_States_oŋ_America_1f63.html
ik/articles/u/n/i/United_States_of_America_8a5e.html
ik/articles/u/n/i/United_States_oŋ_America_d179.html
ik/articles/u/s/e/Template~Userbox_91f6.html
ik/articles/u/s/e/Template~User_sk_eb93.html
ik/articles/u/s/e/Category~User_uk-N_bb5e.html
ik/articles/u/s/e/Category~User_warning_templates_29f9.html
ik/articles/u/s/e/Category~User_sk-N_8b4c.html
ik/articles/u/s/e/Category~User_uk_8a63.html
ik/articles/u/s/e/Template~User_uk_9e81.html
ik/articles/u/s/e/Image~USER_KELOVY.JPG_ac22.html
ik/articles/u/s/e/Category~User_sk_79db.html
ik/articles/u/t/a/Utah.html
ik/articles/u/y/a/Uyabak.html
ik/articles/v/a/n/Image~Vander_Marcovecchio.jpg_7222.html
ik/articles/v/a/r/User~Vargenau_d83a.html
ik/articles/v/a/r/User_talk~Vargenau_9b3b.html
ik/articles/v/e/r/Vermont.html
ik/articles/v/i/r/Virginia.html
ik/articles/v/o/l/User~VolkovBot_5c6d.html
ik/articles/w/a/s/Washington.html
ik/articles/w/e/l/Wikipedia~Welcome,_newcomers_06aa.html
ik/articles/w/e/s/West_Virginia_4016.html
ik/articles/w/i/k/User_talk~Wikix_5904.html
ik/articles/w/i/k/Category~Wikipedia_bots_f6d2.html
ik/articles/w/i/k/Template~Wikipedialang_2b68.html
ik/articles/w/i/k/Image~Wikipedia-logo.png_6a5c.html
ik/articles/w/i/k/Image~Wikistress3D_2_v3.jpg_7fee.html
ik/articles/w/i/k/Image~Wikimedia-logo.svg_d63d.html
ik/articles/w/i/k/Wikipedia.html
ik/articles/w/i/s/Wisconsin.html
ik/articles/w/y/o/Wyoming.html
ik/articles/y/o/s/User~Yosri_d93e.html
ik/articles/y/o/u/User~YourEyesOnly_44eb.html
ik/articles/y/u/p/User~Yupik_05db.html
ik/articles/y/u/r/User_talk~YurikBot_0628.html
ik/articles/y/u/r/User_talk~Yurik_340b.html
ik/articles/z/a/n/User_talk~Zanimum_c101.html
ik/articles/z/a/n/User~Zanimum_8561.html
ik/articles/z/e/r/Talk~Zergeisterung_5e6c.html
ik/articles/z/i/g/User~Zigger_b33b.html
ik/articles/z/i/g/User_talk~Zigger_b3b3.html
ik/articles/z/o/r/User~ZorroIII_bada.html
ik/articles/2A/_/i/__Itnasriq_8992.html
ik/articles/美/國/_/美國.html
ik/articles/ŋ/l/o/Ŋlorida.html
ik/articles/æ/v/a/User_talk~Ævar_Arnfjörð_Bjarmason_18d9.html
